Release 14.7 Map P.20131013 (nt64)
Xilinx Mapping Report File for Design 'top'

Design Information
------------------
Command Line   : map -intstyle ise -p xc6slx16-csg324-3 -w -logic_opt off -ol
high -t 1 -xt 0 -register_duplication off -r 4 -global_opt off -mt off -ir off
-pr off -lc off -power off -o top_map.ncd top.ngd top.pcf 
Target Device  : xc6slx16
Target Package : csg324
Target Speed   : -3
Mapper Version : spartan6 -- $Revision: 1.55 $
Mapped Date    : Mon Jun 15 02:34:13 2015

Design Summary
--------------
Number of errors:      0
Number of warnings:    3
Slice Logic Utilization:
  Number of Slice Registers:                   742 out of  18,224    4%
    Number used as Flip Flops:                 704
    Number used as Latches:                     10
    Number used as Latch-thrus:                  0
    Number used as AND/OR logics:               28
  Number of Slice LUTs:                      3,039 out of   9,112   33%
    Number used as logic:                    3,030 out of   9,112   33%
      Number using O6 output only:           2,623
      Number using O5 output only:             127
      Number using O5 and O6:                  280
      Number used as ROM:                        0
    Number used as Memory:                       0 out of   2,176    0%
    Number used exclusively as route-thrus:      9
      Number with same-slice register load:      4
      Number with same-slice carry load:         5
      Number with other load:                    0

Slice Logic Distribution:
  Number of occupied Slices:                 1,072 out of   2,278   47%
  Number of MUXCYs used:                       436 out of   4,556    9%
  Number of LUT Flip Flop pairs used:        3,218
    Number with an unused Flip Flop:         2,499 out of   3,218   77%
    Number with an unused LUT:                 179 out of   3,218    5%
    Number of fully used LUT-FF pairs:         540 out of   3,218   16%
    Number of unique control sets:              56
    Number of slice register sites lost
      to control set restrictions:             278 out of  18,224    1%

  A LUT Flip Flop pair for this architecture represents one LUT paired with
  one Flip Flop within a slice.  A control set is a unique combination of
  clock, reset, set, and enable signals for a registered element.
  The Slice Logic Distribution report is not meaningful if the design is
  over-mapped for a non-slice resource or if Placement fails.

IO Utilization:
  Number of bonded IOBs:                        51 out of     232   21%
    Number of LOCed IOBs:                       51 out of      51  100%
    IOB Flip Flops:                              1

Specific Feature Utilization:
  Number of RAMB16BWERs:                         0 out of      32    0%
  Number of RAMB8BWERs:                          0 out of      64    0%
  Number of BUFIO2/BUFIO2_2CLKs:                 0 out of      32    0%
  Number of BUFIO2FB/BUFIO2FB_2CLKs:             0 out of      32    0%
  Number of BUFG/BUFGMUXs:                       5 out of      16   31%
    Number used as BUFGs:                        5
    Number used as BUFGMUX:                      0
  Number of DCM/DCM_CLKGENs:                     0 out of       4    0%
  Number of ILOGIC2/ISERDES2s:                   0 out of     248    0%
  Number of IODELAY2/IODRP2/IODRP2_MCBs:         0 out of     248    0%
  Number of OLOGIC2/OSERDES2s:                   1 out of     248    1%
    Number used as OLOGIC2s:                     1
    Number used as OSERDES2s:                    0
  Number of BSCANs:                              0 out of       4    0%
  Number of BUFHs:                               0 out of     128    0%
  Number of BUFPLLs:                             0 out of       8    0%
  Number of BUFPLL_MCBs:                         0 out of       4    0%
  Number of DSP48A1s:                            0 out of      32    0%
  Number of ICAPs:                               0 out of       1    0%
  Number of MCBs:                                0 out of       2    0%
  Number of PCILOGICSEs:                         0 out of       2    0%
  Number of PLL_ADVs:                            0 out of       2    0%
  Number of PMVs:                                0 out of       1    0%
  Number of STARTUPs:                            0 out of       1    0%
  Number of SUSPEND_SYNCs:                       0 out of       1    0%

Average Fanout of Non-Clock Nets:                4.95

Peak Memory Usage:  431 MB
Total REAL time to MAP completion:  44 secs 
Total CPU time to MAP completion:   44 secs 

Table of Contents
-----------------
Section 1 - Errors
Section 2 - Warnings
Section 3 - Informational
Section 4 - Removed Logic Summary
Section 5 - Removed Logic
Section 6 - IOB Properties
Section 7 - RPMs
Section 8 - Guide Report
Section 9 - Area Group and Partition Summary
Section 10 - Timing Report
Section 11 - Configuration String Information
Section 12 - Control Set Information
Section 13 - Utilization by Hierarchy

Section 1 - Errors
------------------

Section 2 - Warnings
--------------------
WARNING:PhysDesignRules:372 - Gated clock. Clock net
   d/STATE[2]_GND_12_o_Mux_91_o is sourced by a combinatorial pin. This is not
   good design practice. Use the CE pin to control the loading of data into the
   flip-flop.
WARNING:PhysDesignRules:372 - Gated clock. Clock net d/COL_COUNTER<6> is sourced
   by a combinatorial pin. This is not good design practice. Use the CE pin to
   control the loading of data into the flip-flop.
WARNING:PhysDesignRules:372 - Gated clock. Clock net
   d/STATE[2]_GND_11_o_Mux_89_o is sourced by a combinatorial pin. This is not
   good design practice. Use the CE pin to control the loading of data into the
   flip-flop.

Section 3 - Informational
-------------------------
INFO:MapLib:562 - No environment variables are currently set.
INFO:LIT:244 - All of the single ended outputs in this design are using slew
   rate limited output drivers. The delay on speed critical single ended outputs
   can be dramatically reduced by designating them as fast outputs.
INFO:Pack:1716 - Initializing temperature to 85.000 Celsius. (default - Range:
   0.000 to 85.000 Celsius)
INFO:Pack:1720 - Initializing voltage to 1.140 Volts. (default - Range: 1.140 to
   1.260 Volts)
INFO:Map:215 - The Interim Design Summary has been generated in the MAP Report
   (.mrp).
INFO:Pack:1650 - Map created a placed design.

Section 4 - Removed Logic Summary
---------------------------------
  26 block(s) optimized away

Section 5 - Removed Logic
-------------------------

Optimized Block(s):
TYPE 		BLOCK
GND 		XST_GND
VCC 		XST_VCC
LUT3 		ai0/ADDERTREE_INTERNAL_Madd22
   optimized to 0
LUT3 		ai0/ADDERTREE_INTERNAL_Madd23
   optimized to 0
LUT4 		ai0/ADDERTREE_INTERNAL_Madd2_lut<0>3
   optimized to 0
LUT3 		ai0/ADDERTREE_INTERNAL_Madd52
   optimized to 0
LUT3 		ai0/ADDERTREE_INTERNAL_Madd53
   optimized to 0
LUT4 		ai0/ADDERTREE_INTERNAL_Madd5_lut<0>3
   optimized to 0
LUT3 		ai1/ADDERTREE_INTERNAL_Madd23
   optimized to 0
LUT3 		ai1/ADDERTREE_INTERNAL_Madd53
   optimized to 0
LUT3 		ai2/ADDERTREE_INTERNAL_Madd23
   optimized to 0
LUT3 		ai2/ADDERTREE_INTERNAL_Madd53
   optimized to 0
LUT3 		ai3/ADDERTREE_INTERNAL_Madd23
   optimized to 0
LUT3 		ai3/ADDERTREE_INTERNAL_Madd53
   optimized to 0
LUT3 		ai4/ADDERTREE_INTERNAL_Madd23
   optimized to 0
LUT3 		ai4/ADDERTREE_INTERNAL_Madd53
   optimized to 0
LUT3 		ai5/ADDERTREE_INTERNAL_Madd23
   optimized to 0
LUT3 		ai5/ADDERTREE_INTERNAL_Madd53
   optimized to 0
LUT3 		ai6/ADDERTREE_INTERNAL_Madd23
   optimized to 0
LUT3 		ai6/ADDERTREE_INTERNAL_Madd53
   optimized to 0
LUT3 		ai7/ADDERTREE_INTERNAL_Madd22
   optimized to 0
LUT3 		ai7/ADDERTREE_INTERNAL_Madd23
   optimized to 0
LUT4 		ai7/ADDERTREE_INTERNAL_Madd2_lut<0>3
   optimized to 0
LUT3 		ai7/ADDERTREE_INTERNAL_Madd52
   optimized to 0
LUT3 		ai7/ADDERTREE_INTERNAL_Madd53
   optimized to 0
LUT4 		ai7/ADDERTREE_INTERNAL_Madd5_lut<0>3
   optimized to 0

To enable printing of redundant blocks removed and signals merged, set the
detailed map report option and rerun map.

Section 6 - IOB Properties
--------------------------

+---------------------------------------------------------------------------------------------------------------------------------------------------------+
| IOB Name                           | Type             | Direction | IO Standard          | Diff  | Drive    | Slew | Reg (s)      | Resistor | IOB      |
|                                    |                  |           |                      | Term  | Strength | Rate |              |          | Delay    |
+---------------------------------------------------------------------------------------------------------------------------------------------------------+
| Cin                                | IOB              | INPUT     | LVCMOS25             |       |          |      |              |          |          |
| Cout                               | IOB              | OUTPUT    | LVCMOS25             |       | 12       | SLOW | OFF          |          |          |
| D16                                | IOB              | OUTPUT    | LVCMOS25             |       | 12       | SLOW |              |          |          |
| LCD_CLK                            | IOB              | INPUT     | LVCMOS25             |       |          |      |              |          |          |
| LCD_CS1                            | IOB              | OUTPUT    | LVCMOS25             |       | 12       | SLOW |              |          |          |
| LCD_CS2                            | IOB              | OUTPUT    | LVCMOS25             |       | 12       | SLOW |              |          |          |
| LCD_DATA<0>                        | IOB              | OUTPUT    | LVCMOS25             |       | 12       | SLOW |              |          |          |
| LCD_DATA<1>                        | IOB              | OUTPUT    | LVCMOS25             |       | 12       | SLOW |              |          |          |
| LCD_DATA<2>                        | IOB              | OUTPUT    | LVCMOS25             |       | 12       | SLOW |              |          |          |
| LCD_DATA<3>                        | IOB              | OUTPUT    | LVCMOS25             |       | 12       | SLOW |              |          |          |
| LCD_DATA<4>                        | IOB              | OUTPUT    | LVCMOS25             |       | 12       | SLOW |              |          |          |
| LCD_DATA<5>                        | IOB              | OUTPUT    | LVCMOS25             |       | 12       | SLOW |              |          |          |
| LCD_DATA<6>                        | IOB              | OUTPUT    | LVCMOS25             |       | 12       | SLOW |              |          |          |
| LCD_DATA<7>                        | IOB              | OUTPUT    | LVCMOS25             |       | 12       | SLOW |              |          |          |
| LCD_DI                             | IOB              | OUTPUT    | LVCMOS25             |       | 12       | SLOW |              |          |          |
| LCD_ENABLE                         | IOB              | OUTPUT    | LVCMOS25             |       | 12       | SLOW |              |          |          |
| LCD_RSTN                           | IOB              | OUTPUT    | LVCMOS25             |       | 12       | SLOW |              |          |          |
| LCD_RW                             | IOB              | OUTPUT    | LVCMOS25             |       | 12       | SLOW |              |          |          |
| MODE                               | IOB              | INPUT     | LVCMOS25             |       |          |      |              |          |          |
| audio_appsel                       | IOB              | OUTPUT    | LVCMOS25             |       | 12       | SLOW |              |          |          |
| audio_bck                          | IOB              | OUTPUT    | LVCMOS25             |       | 12       | SLOW |              |          |          |
| audio_data                         | IOB              | OUTPUT    | LVCMOS25             |       | 12       | SLOW |              |          |          |
| audio_sysclk                       | IOB              | OUTPUT    | LVCMOS25             |       | 12       | SLOW |              |          |          |
| audio_ws                           | IOB              | OUTPUT    | LVCMOS25             |       | 12       | SLOW |              |          |          |
| button<0>                          | IOB              | INPUT     | LVCMOS25             |       |          |      |              |          |          |
| button<1>                          | IOB              | INPUT     | LVCMOS25             |       |          |      |              |          |          |
| button<2>                          | IOB              | INPUT     | LVCMOS25             |       |          |      |              |          |          |
| button<3>                          | IOB              | INPUT     | LVCMOS25             |       |          |      |              |          |          |
| button<4>                          | IOB              | INPUT     | LVCMOS25             |       |          |      |              |          |          |
| button<5>                          | IOB              | INPUT     | LVCMOS25             |       |          |      |              |          |          |
| button<6>                          | IOB              | INPUT     | LVCMOS25             |       |          |      |              |          |          |
| button<7>                          | IOB              | INPUT     | LVCMOS25             |       |          |      |              |          |          |
| dig<0>                             | IOB              | OUTPUT    | LVCMOS25             |       | 12       | SLOW |              |          |          |
| dig<1>                             | IOB              | OUTPUT    | LVCMOS25             |       | 12       | SLOW |              |          |          |
| dig<2>                             | IOB              | OUTPUT    | LVCMOS25             |       | 12       | SLOW |              |          |          |
| dig<3>                             | IOB              | OUTPUT    | LVCMOS25             |       | 12       | SLOW |              |          |          |
| seg<0>                             | IOB              | OUTPUT    | LVCMOS25             |       | 12       | SLOW |              |          |          |
| seg<1>                             | IOB              | OUTPUT    | LVCMOS25             |       | 12       | SLOW |              |          |          |
| seg<2>                             | IOB              | OUTPUT    | LVCMOS25             |       | 12       | SLOW |              |          |          |
| seg<3>                             | IOB              | OUTPUT    | LVCMOS25             |       | 12       | SLOW |              |          |          |
| seg<4>                             | IOB              | OUTPUT    | LVCMOS25             |       | 12       | SLOW |              |          |          |
| seg<5>                             | IOB              | OUTPUT    | LVCMOS25             |       | 12       | SLOW |              |          |          |
| seg<6>                             | IOB              | OUTPUT    | LVCMOS25             |       | 12       | SLOW |              |          |          |
| seg<7>                             | IOB              | OUTPUT    | LVCMOS25             |       | 12       | SLOW |              |          |          |
| seg<8>                             | IOB              | OUTPUT    | LVCMOS25             |       | 12       | SLOW |              |          |          |
| seg<9>                             | IOB              | OUTPUT    | LVCMOS25             |       | 12       | SLOW |              |          |          |
| seg<10>                            | IOB              | OUTPUT    | LVCMOS25             |       | 12       | SLOW |              |          |          |
| seg<11>                            | IOB              | OUTPUT    | LVCMOS25             |       | 12       | SLOW |              |          |          |
| seg<12>                            | IOB              | OUTPUT    | LVCMOS25             |       | 12       | SLOW |              |          |          |
| seg<13>                            | IOB              | OUTPUT    | LVCMOS25             |       | 12       | SLOW |              |          |          |
| seg<14>                            | IOB              | OUTPUT    | LVCMOS25             |       | 12       | SLOW |              |          |          |
+---------------------------------------------------------------------------------------------------------------------------------------------------------+

Section 7 - RPMs
----------------

Section 8 - Guide Report
------------------------
Guide not run on this design.

Section 9 - Area Group and Partition Summary
--------------------------------------------

Partition Implementation Status
-------------------------------

  No Partitions were found in this design.

-------------------------------

Area Group Information
----------------------

  No area groups were found in this design.

----------------------

Section 10 - Timing Report
--------------------------
A logic-level (pre-route) timing report can be generated by using Xilinx static
timing analysis tools, Timing Analyzer (GUI) or TRCE (command line), with the
mapped NCD and PCF files. Please note that this timing report will be generated
using estimated delay information. For accurate numbers, please generate a
timing report with the post Place and Route NCD file.

For more information about the Timing Analyzer, consult the Xilinx Timing
Analyzer Reference Manual; for more information about TRCE, consult the Xilinx
Command Line Tools User Guide "TRACE" chapter.

Section 11 - Configuration String Details
-----------------------------------------
Use the "-detail" map option to print out Configuration Strings

Section 12 - Control Set Information
------------------------------------
Use the "-detail" map option to print out Control Set Information.

Section 13 - Utilization by Hierarchy
-------------------------------------
Use the "-detail" map option to print out the Utilization by Hierarchy section.
